#Software: wdbserverform
#ProcessID: 74552 x64
#AppDomain: wdbserverform.exe
#BaseDirectory: D:\WeavingDB\wdbserverform\bin\Debug\
#CommandLine: "D:\WeavingDB\wdbserverform\bin\Debug\wdbserverform.exe" 
#ApplicationType: Console
#CLR: 4.0.30319.42000, .NET Framework 4.5
#OS: Microsoft Windows NT 6.2.9200.0, DESKTOPBBGV1JT/DELL
#CPU: 4
#GC: IsServerGC=False, LatencyMode=Interactive
#Date: 2019-12-03
#字段: 时间 线程ID 线程池Y网页W普通N 线程名 消息内容
#Fields: Time ThreadID IsPoolThread ThreadName Message
18:40:11.851  1 N - Ding.Core v1.0.0.0 Build 2000-01-01 .NET Framework 4.5
18:40:11.904  1 N - Ding核心帮助类库 ©2008-2019 武汉极思灵创开发团队
18:40:11.905  1 N - wdbserverform v1.0.0.0 Build 2000-01-01 .NET Framework 4.5
18:40:11.905  1 N - wdbserverform Copyright ©  2019

#Software: wdbserverform
#ProcessID: 98916 x64
#AppDomain: wdbserverform.exe
#BaseDirectory: D:\WeavingDB\wdbserverform\bin\Debug\
#CommandLine: "D:\WeavingDB\wdbserverform\bin\Debug\wdbserverform.exe" 
#ApplicationType: Console
#CLR: 4.0.30319.42000, .NET Framework 4.5
#OS: Microsoft Windows NT 6.2.9200.0, DESKTOPBBGV1JT/DELL
#CPU: 4
#GC: IsServerGC=False, LatencyMode=Interactive
#Date: 2019-12-03
#字段: 时间 线程ID 线程池Y网页W普通N 线程名 消息内容
#Fields: Time ThreadID IsPoolThread ThreadName Message
19:10:27.728  1 N - Ding.Core v1.0.0.0 Build 2000-01-01 .NET Framework 4.5
19:10:27.732  1 N - Ding核心帮助类库 ©2008-2019 武汉极思灵创开发团队
19:10:27.732  1 N - wdbserverform v1.0.0.0 Build 2000-01-01 .NET Framework 4.5
19:10:27.732  1 N - wdbserverform Copyright ©  2019
19:10:30.354  1 N - 服务启动 循环开始
19:13:24.295  1 N - 服务停止 循环停止
